<?xml version="1.0" encoding="UTF-8"?>
<!-- Generated by org.testng.reporters.JUnitReportReporter -->
<testsuite hostname="DESKTOP-IKMS51V" name="org.testing.TestScripts.Class5" tests="1" failures="0" timestamp="29 Sep 2019 07:48:09 GMT" time="55.842" errors="0">
  <testcase name="TC5" time="55.842" classname="org.testing.TestScripts.Class5"/>
</testsuite> <!-- org.testing.TestScripts.Class5 -->
