<?xml version="1.0" encoding="UTF-8"?>
<!-- Generated by org.testng.reporters.JUnitReportReporter -->
<testsuite hostname="DESKTOP-IKMS51V" name="org.testing.TestScripts.Test5" tests="1" failures="0" timestamp="12 Oct 2019 07:25:54 GMT" time="252.486" errors="0">
  <testcase name="TC5" time="252.486" classname="org.testing.TestScripts.Test5"/>
</testsuite> <!-- org.testing.TestScripts.Test5 -->
