<?xml version="1.0" encoding="UTF-8"?>
<!-- Generated by org.testng.reporters.JUnitReportReporter -->
<testsuite hostname="DESKTOP-IKMS51V" name="org.testing.TestScripts.Class2" tests="1" failures="0" timestamp="29 Sep 2019 07:48:08 GMT" time="47.552" errors="0">
  <testcase name="TC2" time="47.552" classname="org.testing.TestScripts.Class2"/>
</testsuite> <!-- org.testing.TestScripts.Class2 -->
