<?xml version="1.0" encoding="UTF-8"?>
<!-- Generated by org.testng.reporters.JUnitReportReporter -->
<testsuite hostname="DESKTOP-IKMS51V" name="org.testing.TestScripts.Pro5" tests="1" failures="0" timestamp="28 Sep 2019 18:42:06 GMT" time="53.838" errors="0">
  <testcase name="TC5" time="53.838" classname="org.testing.TestScripts.Pro5"/>
</testsuite> <!-- org.testing.TestScripts.Pro5 -->
