<?xml version="1.0" encoding="UTF-8"?>
<!-- Generated by org.testng.reporters.JUnitReportReporter -->
<testsuite hostname="DESKTOP-IKMS51V" name="org.testing.TestScripts.Class3" tests="1" failures="0" timestamp="29 Sep 2019 07:48:09 GMT" time="71.888" errors="0">
  <testcase name="TC3" time="71.888" classname="org.testing.TestScripts.Class3"/>
</testsuite> <!-- org.testing.TestScripts.Class3 -->
