<?xml version="1.0" encoding="UTF-8"?>
<!-- Generated by org.testng.reporters.JUnitReportReporter -->
<testsuite hostname="DESKTOP-IKMS51V" name="org.testing.TestScripts.Test3" tests="1" failures="0" timestamp="12 Oct 2019 07:25:53 GMT" time="109.750" errors="0">
  <testcase name="TC3" time="109.750" classname="org.testing.TestScripts.Test3"/>
</testsuite> <!-- org.testing.TestScripts.Test3 -->
